Fri Jul 07 09:06:40 CST 2017  [debug] AvalonLogSystem initialized using logfile 'F:\dongmu\.metadata\.plugins\com.genuitec.eclipse.templates\velocity.log'
Fri Jul 07 09:06:40 CST 2017   [info] ************************************************************** 
Fri Jul 07 09:06:40 CST 2017   [info] Starting Jakarta Velocity v1.4
Fri Jul 07 09:06:40 CST 2017   [info] RuntimeInstance initializing.
Fri Jul 07 09:06:40 CST 2017   [info] Default Properties File: org\apache\velocity\runtime\defaults\velocity.properties
Fri Jul 07 09:06:40 CST 2017   [info] Trying to use logger class org.apache.velocity.runtime.log.AvalonLogSystem
Fri Jul 07 09:06:40 CST 2017   [info] Using logger class org.apache.velocity.runtime.log.AvalonLogSystem
Fri Jul 07 09:06:40 CST 2017   [info] Default ResourceManager initializing. (class org.apache.velocity.runtime.resource.ResourceManagerImpl)
Fri Jul 07 09:06:40 CST 2017   [info] Resource Loader Instantiated: com.genuitec.eclipse.templates.internal.PluginResourceLoader
Fri Jul 07 09:06:40 CST 2017   [info] ResourceCache : initialized. (class org.apache.velocity.runtime.resource.ResourceCacheImpl)
Fri Jul 07 09:06:40 CST 2017   [info] Default ResourceManager initialization complete.
Fri Jul 07 09:06:40 CST 2017   [info] Loaded System Directive: org.apache.velocity.runtime.directive.Literal
Fri Jul 07 09:06:40 CST 2017   [info] Loaded System Directive: org.apache.velocity.runtime.directive.Macro
Fri Jul 07 09:06:40 CST 2017   [info] Loaded System Directive: org.apache.velocity.runtime.directive.Parse
Fri Jul 07 09:06:40 CST 2017   [info] Loaded System Directive: org.apache.velocity.runtime.directive.Include
Fri Jul 07 09:06:40 CST 2017   [info] Loaded System Directive: org.apache.velocity.runtime.directive.Foreach
Fri Jul 07 09:06:40 CST 2017   [info] Created: 20 parsers.
Fri Jul 07 09:06:40 CST 2017   [info] Velocimacro : initialization starting.
Fri Jul 07 09:06:40 CST 2017   [info] Velocimacro : adding VMs from VM library template : VM_global_library.vm
Fri Jul 07 09:06:40 CST 2017  [error] ResourceManager : unable to find resource 'VM_global_library.vm' in any resource loader.
Fri Jul 07 09:06:40 CST 2017   [info] Velocimacro : error using  VM library template VM_global_library.vm : org.apache.velocity.exception.ResourceNotFoundException: Unable to find resource 'VM_global_library.vm'
Fri Jul 07 09:06:40 CST 2017   [info] Velocimacro :  VM library template macro registration complete.
Fri Jul 07 09:06:40 CST 2017   [info] Velocimacro : allowInline = true : VMs can be defined inline in templates
Fri Jul 07 09:06:40 CST 2017   [info] Velocimacro : allowInlineToOverride = true : VMs defined inline may replace previous VM definitions
Fri Jul 07 09:06:40 CST 2017   [info] Velocimacro : allowInlineLocal = true : VMs defined inline will be local to their defining template only.
Fri Jul 07 09:06:40 CST 2017   [info] Velocimacro : messages on  : VM system will output logging messages
Fri Jul 07 09:06:40 CST 2017   [info] Velocimacro : autoload off  : VM system will not automatically reload global library macros
Fri Jul 07 09:06:40 CST 2017   [info] Velocimacro : initialization complete.
Fri Jul 07 09:06:40 CST 2017   [info] Velocity successfully started.
Fri Jul 07 09:06:40 CST 2017   [info] ResourceManager : found templates/jsp/Jsp.vtl with loader com.genuitec.eclipse.templates.internal.PluginResourceLoader
Fri Jul 07 09:06:40 CST 2017   [info] ResourceManager : found templates/jsp/JSPMetaTags.vtl with loader com.genuitec.eclipse.templates.internal.PluginResourceLoader
